<?xml version="1.0" encoding="UTF-8"?>
<!-- Generated by org.testng.reporters.JUnitXMLReporter -->
<testsuite ignored="3" hostname="DESKTOP-OB0UVLQ" failures="0" tests="1" name="Test1" time="12.531" errors="0" timestamp="2020-04-11T09:20:38 BST">
  <testcase classname="Tests2.Dropdown_48" name="dropdown" time="12.495"/>
  <testcase classname="Tests2.Dropdown_48" name="dropdown_dynamic" time="0.0">
    <ignored/>
  </testcase> <!-- dropdown_dynamic -->
  <testcase classname="Tests2.Dropdown_48" name="AutoSuggestive_Getting_text" time="0.0">
    <ignored/>
  </testcase> <!-- AutoSuggestive_Getting_text -->
  <testcase classname="Tests2.Dropdown_48" name="dropdown_Auto_Suggestive" time="0.0">
    <ignored/>
  </testcase> <!-- dropdown_Auto_Suggestive -->
</testsuite> <!-- Test1 -->
