<?xml version="1.0" encoding="UTF-8"?>
<testng-results ignored="0" total="1" passed="1" failed="0" skipped="0">
  <reporter-output>
  </reporter-output>
  <suite started-at="2020-04-11T09:27:00 BST" name="Udemy Regression Suite" finished-at="2020-04-11T09:27:12 BST" duration-ms="12249">
    <groups>
    </groups>
    <test started-at="2020-04-11T09:27:00 BST" name="Class Level" finished-at="2020-04-11T09:27:12 BST" duration-ms="12249">
      <class name="Tests._86_iFrames">
        <test-method is-config="true" signature="setup()[pri:0, instance:Tests._86_iFrames@3b2da18f]" started-at="2020-04-11T09:27:00 BST" name="setup" finished-at="2020-04-11T09:27:06 BST" duration-ms="5819" status="PASS">
          <reporter-output>
          </reporter-output>
        </test-method> <!-- setup -->
        <test-method signature="testName()[pri:0, instance:Tests._86_iFrames@3b2da18f]" started-at="2020-04-11T09:27:06 BST" name="testName" finished-at="2020-04-11T09:27:07 BST" duration-ms="1759" status="PASS">
          <reporter-output>
          </reporter-output>
        </test-method> <!-- testName -->
        <test-method is-config="true" signature="tearDown()[pri:0, instance:Tests._86_iFrames@3b2da18f]" started-at="2020-04-11T09:27:07 BST" name="tearDown" finished-at="2020-04-11T09:27:12 BST" duration-ms="4640" status="PASS">
          <reporter-output>
          </reporter-output>
        </test-method> <!-- tearDown -->
      </class> <!-- Tests._86_iFrames -->
    </test> <!-- Class Level -->
  </suite> <!-- Udemy Regression Suite -->
</testng-results>
